<?xml version="1.0" encoding="UTF-8"?>
<testsuite name="com.woojoo.book.springboot.web.HelloControllerTest" tests="2" skipped="0" failures="0" errors="0" timestamp="2023-01-13T18:57:54" hostname="DESKTOP-7NM7AVO" time="0.121">
  <properties/>
  <testcase name="hello가_리턴된다" classname="com.woojoo.book.springboot.web.HelloControllerTest" time="0.061"/>
  <testcase name="helloDto가_리턴된다" classname="com.woojoo.book.springboot.web.HelloControllerTest" time="0.06"/>
  <system-out><![CDATA[
  .   ____          _            __ _ _
 /\\ / ___'_ __ _ _(_)_ __  __ _ \ \ \ \
( ( )\___ | '_ | '_| | '_ \/ _` | \ \ \ \
 \\/  ___)| |_)| | | | | || (_| |  ) ) ) )
  '  |____| .__|_| |_|_| |_\__, | / / / /
 =========|_|==============|___/=/_/_/_/
 :: Spring Boot ::        (v2.1.7.RELEASE)

2023-01-14 03:57:54.318  INFO 18672 --- [    Test worker] c.w.b.s.web.HelloControllerTest          : Starting HelloControllerTest on DESKTOP-7NM7AVO with PID 18672 (started by woojuhwang in C:\bookproject\bookproject-springboot2-webservice)
2023-01-14 03:57:54.318  INFO 18672 --- [    Test worker] c.w.b.s.web.HelloControllerTest          : No active profile set, falling back to default profiles: default
2023-01-14 03:57:54.626  INFO 18672 --- [    Test worker] o.s.s.concurrent.ThreadPoolTaskExecutor  : Initializing ExecutorService 'applicationTaskExecutor'
2023-01-14 03:57:54.650  INFO 18672 --- [    Test worker] o.s.b.a.w.s.WelcomePageHandlerMapping    : Adding welcome page template: index
2023-01-14 03:57:54.766  INFO 18672 --- [    Test worker] .s.s.UserDetailsServiceAutoConfiguration : 

Using generated security password: c2a56d5d-98a3-4b6a-8509-5efd418f2d75

2023-01-14 03:57:54.834  INFO 18672 --- [    Test worker] o.s.s.web.DefaultSecurityFilterChain     : Creating filter chain: any request, [org.springframework.security.web.context.request.async.WebAsyncManagerIntegrationFilter@50cadbae, org.springframework.security.web.context.SecurityContextPersistenceFilter@5122387, org.springframework.security.web.header.HeaderWriterFilter@3f54fabc, org.springframework.security.web.csrf.CsrfFilter@42718ebf, org.springframework.security.web.authentication.logout.LogoutFilter@6d21a69f, org.springframework.security.web.authentication.UsernamePasswordAuthenticationFilter@581f1f40, org.springframework.security.web.authentication.ui.DefaultLoginPageGeneratingFilter@1455a374, org.springframework.security.web.authentication.ui.DefaultLogoutPageGeneratingFilter@7d583602, org.springframework.security.web.authentication.www.BasicAuthenticationFilter@32a541a8, org.springframework.security.web.savedrequest.RequestCacheAwareFilter@9abbe39, org.springframework.security.web.servletapi.SecurityContextHolderAwareRequestFilter@11b234aa, org.springframework.security.web.authentication.AnonymousAuthenticationFilter@65689000, org.springframework.security.web.session.SessionManagementFilter@719e8f9f, org.springframework.security.web.access.ExceptionTranslationFilter@c7008b4, org.springframework.security.web.access.intercept.FilterSecurityInterceptor@4ba32242]
2023-01-14 03:57:54.854  INFO 18672 --- [    Test worker] o.s.b.t.m.w.SpringBootMockServletContext : Initializing Spring TestDispatcherServlet ''
2023-01-14 03:57:54.854  INFO 18672 --- [    Test worker] o.s.t.web.servlet.TestDispatcherServlet  : Initializing Servlet ''
2023-01-14 03:57:54.866  INFO 18672 --- [    Test worker] o.s.t.web.servlet.TestDispatcherServlet  : Completed initialization in 12 ms
2023-01-14 03:57:54.878  INFO 18672 --- [    Test worker] c.w.b.s.web.HelloControllerTest          : Started HelloControllerTest in 0.592 seconds (JVM running for 7.024)
]]></system-out>
  <system-err><![CDATA[]]></system-err>
</testsuite>
