<?xml version="1.0" encoding="UTF-8"?>
<testsuite name="com.woojoo.book.springboot.domain.posts.PostsRepositoryTest" tests="2" skipped="0" failures="0" errors="0" timestamp="2023-01-12T06:33:03" hostname="DESKTOP-7NM7AVO" time="0.192">
  <properties/>
  <testcase name="게시글저장_불러오기" classname="com.woojoo.book.springboot.domain.posts.PostsRepositoryTest" time="0.179"/>
  <testcase name="BaseTimeEntity_등록" classname="com.woojoo.book.springboot.domain.posts.PostsRepositoryTest" time="0.012"/>
  <system-out><![CDATA[15:32:58.573 [Test worker] DEBUG org.springframework.test.annotation.ProfileValueUtils - Retrieved @ProfileValueSourceConfiguration [null] for test class [com.woojoo.book.springboot.domain.posts.PostsRepositoryTest]
15:32:58.573 [Test worker] DEBUG org.springframework.test.annotation.ProfileValueUtils - Retrieved ProfileValueSource type [class org.springframework.test.annotation.SystemProfileValueSource] for class [com.woojoo.book.springboot.domain.posts.PostsRepositoryTest]
15:32:58.574 [Test worker] DEBUG org.springframework.test.annotation.ProfileValueUtils - Retrieved @ProfileValueSourceConfiguration [null] for test class [com.woojoo.book.springboot.domain.posts.PostsRepositoryTest]
15:32:58.574 [Test worker] DEBUG org.springframework.test.annotation.ProfileValueUtils - Retrieved ProfileValueSource type [class org.springframework.test.annotation.SystemProfileValueSource] for class [com.woojoo.book.springboot.domain.posts.PostsRepositoryTest]
15:32:58.578 [Test worker] DEBUG org.springframework.test.context.support.AbstractDirtiesContextTestExecutionListener - Before test class: context [DefaultTestContext@4e9658b5 testClass = PostsRepositoryTest, testInstance = [null], testMethod = [null], testException = [null], mergedContextConfiguration = [WebMergedContextConfiguration@2a7b6f69 testClass = PostsRepositoryTest, locations = '{}', classes = '{class com.woojoo.book.springboot.domain.posts.PostsRepositoryTest$TestConfig}', contextInitializerClasses = '[]', activeProfiles = '{}', propertySourceLocations = '{}', propertySourceProperties = '{org.springframework.boot.test.context.SpringBootTestContextBootstrapper=true}', contextCustomizers = set[org.springframework.boot.test.autoconfigure.properties.PropertyMappingContextCustomizer@0, org.springframework.boot.test.autoconfigure.web.servlet.WebDriverContextCustomizerFactory$Customizer@44b3606b, org.springframework.boot.test.context.filter.ExcludeFilterContextCustomizer@33b1c5c5, org.springframework.boot.test.json.DuplicateJsonObjectContextCustomizerFactory$DuplicateJsonObjectContextCustomizer@9ef8eb7, org.springframework.boot.test.mock.mockito.MockitoContextCustomizer@0, org.springframework.boot.test.web.client.TestRestTemplateContextCustomizer@340b9973], resourceBasePath = 'src/main/webapp', contextLoader = 'org.springframework.boot.test.context.SpringBootContextLoader', parent = [null]], attributes = map['org.springframework.test.context.web.ServletTestExecutionListener.activateListener' -> true]], class annotated with @DirtiesContext [false] with mode [null].
15:32:58.579 [Test worker] DEBUG org.springframework.test.annotation.ProfileValueUtils - Retrieved @ProfileValueSourceConfiguration [null] for test class [com.woojoo.book.springboot.domain.posts.PostsRepositoryTest]
15:32:58.579 [Test worker] DEBUG org.springframework.test.annotation.ProfileValueUtils - Retrieved ProfileValueSource type [class org.springframework.test.annotation.SystemProfileValueSource] for class [com.woojoo.book.springboot.domain.posts.PostsRepositoryTest]
15:32:58.594 [Test worker] DEBUG org.springframework.test.context.support.TestPropertySourceUtils - Adding inlined properties to environment: {spring.jmx.enabled=false, org.springframework.boot.test.context.SpringBootTestContextBootstrapper=true, server.port=-1}

  .   ____          _            __ _ _
 /\\ / ___'_ __ _ _(_)_ __  __ _ \ \ \ \
( ( )\___ | '_ | '_| | '_ \/ _` | \ \ \ \
 \\/  ___)| |_)| | | | | || (_| |  ) ) ) )
  '  |____| .__|_| |_|_| |_\__, | / / / /
 =========|_|==============|___/=/_/_/_/
 :: Spring Boot ::        (v2.1.7.RELEASE)

2023-01-12 15:32:58.802  INFO 12452 --- [    Test worker] c.w.b.s.d.posts.PostsRepositoryTest      : Starting PostsRepositoryTest on DESKTOP-7NM7AVO with PID 12452 (started by woojuhwang in C:\bookproject\bookproject-springboot2-webservice)
2023-01-12 15:32:58.804  INFO 12452 --- [    Test worker] c.w.b.s.d.posts.PostsRepositoryTest      : No active profile set, falling back to default profiles: default
2023-01-12 15:32:59.542  INFO 12452 --- [    Test worker] .s.d.r.c.RepositoryConfigurationDelegate : Bootstrapping Spring Data repositories in DEFAULT mode.
2023-01-12 15:32:59.604  INFO 12452 --- [    Test worker] .s.d.r.c.RepositoryConfigurationDelegate : Finished Spring Data repository scanning in 57ms. Found 2 repository interfaces.
2023-01-12 15:33:00.030  INFO 12452 --- [    Test worker] trationDelegate$BeanPostProcessorChecker : Bean 'org.springframework.transaction.annotation.ProxyTransactionManagementConfiguration' of type [org.springframework.transaction.annotation.ProxyTransactionManagementConfiguration$$EnhancerBySpringCGLIB$$6bb2f58f] is not eligible for getting processed by all BeanPostProcessors (for example: not eligible for auto-proxying)
2023-01-12 15:33:00.208  INFO 12452 --- [    Test worker] com.zaxxer.hikari.HikariDataSource       : HikariPool-1 - Starting...
2023-01-12 15:33:00.372  INFO 12452 --- [    Test worker] com.zaxxer.hikari.HikariDataSource       : HikariPool-1 - Start completed.
2023-01-12 15:33:00.492  INFO 12452 --- [    Test worker] o.hibernate.jpa.internal.util.LogHelper  : HHH000204: Processing PersistenceUnitInfo [
	name: default
	...]
2023-01-12 15:33:00.598  INFO 12452 --- [    Test worker] org.hibernate.Version                    : HHH000412: Hibernate Core {5.3.10.Final}
2023-01-12 15:33:00.601  INFO 12452 --- [    Test worker] org.hibernate.cfg.Environment            : HHH000206: hibernate.properties not found
2023-01-12 15:33:00.776  INFO 12452 --- [    Test worker] o.hibernate.annotations.common.Version   : HCANN000001: Hibernate Commons Annotations {5.0.4.Final}
2023-01-12 15:33:00.903  INFO 12452 --- [    Test worker] org.hibernate.dialect.Dialect            : HHH000400: Using dialect: org.hibernate.dialect.MySQL5InnoDBDialect
Hibernate: drop table if exists posts
Hibernate: drop table if exists user
Hibernate: create table posts (id bigint not null auto_increment, create_date datetime, modified_date datetime, author varchar(255), content TEXT not null, title varchar(500) not null, primary key (id)) engine=InnoDB
Hibernate: create table user (id bigint not null auto_increment, create_date datetime, modified_date datetime, email varchar(255) not null, name varchar(255) not null, picture varchar(255), role varchar(255) not null, primary key (id)) engine=InnoDB
2023-01-12 15:33:01.375  INFO 12452 --- [    Test worker] o.h.t.schema.internal.SchemaCreatorImpl  : HHH000476: Executing import script 'org.hibernate.tool.schema.internal.exec.ScriptSourceInputNonExistentImpl@516037be'
2023-01-12 15:33:01.378  INFO 12452 --- [    Test worker] j.LocalContainerEntityManagerFactoryBean : Initialized JPA EntityManagerFactory for persistence unit 'default'
2023-01-12 15:33:01.811  INFO 12452 --- [    Test worker] o.h.h.i.QueryTranslatorFactoryInitiator  : HHH000397: Using ASTQueryTranslatorFactory
2023-01-12 15:33:02.191  INFO 12452 --- [    Test worker] o.s.s.web.DefaultSecurityFilterChain     : Creating filter chain: any request, [org.springframework.security.web.context.request.async.WebAsyncManagerIntegrationFilter@35630ee8, org.springframework.security.web.context.SecurityContextPersistenceFilter@6792f2c6, org.springframework.security.web.header.HeaderWriterFilter@14980819, org.springframework.security.web.authentication.logout.LogoutFilter@3bac86a3, org.springframework.security.oauth2.client.web.OAuth2AuthorizationRequestRedirectFilter@5ead245, org.springframework.security.oauth2.client.web.OAuth2LoginAuthenticationFilter@1cc42abe, org.springframework.security.web.authentication.ui.DefaultLoginPageGeneratingFilter@477e5b69, org.springframework.security.web.authentication.ui.DefaultLogoutPageGeneratingFilter@6e80de85, org.springframework.security.web.savedrequest.RequestCacheAwareFilter@6920fa35, org.springframework.security.web.servletapi.SecurityContextHolderAwareRequestFilter@7e58b0f6, org.springframework.security.web.authentication.AnonymousAuthenticationFilter@173b24c4, org.springframework.security.web.session.SessionManagementFilter@294a12b5, org.springframework.security.web.access.ExceptionTranslationFilter@7c0035dd, org.springframework.security.web.access.intercept.FilterSecurityInterceptor@23e297d9]
2023-01-12 15:33:02.725  INFO 12452 --- [    Test worker] o.s.s.concurrent.ThreadPoolTaskExecutor  : Initializing ExecutorService 'applicationTaskExecutor'
2023-01-12 15:33:02.777  WARN 12452 --- [    Test worker] aWebConfiguration$JpaWebMvcConfiguration : spring.jpa.open-in-view is enabled by default. Therefore, database queries may be performed during view rendering. Explicitly configure spring.jpa.open-in-view to disable this warning
2023-01-12 15:33:02.822  INFO 12452 --- [    Test worker] o.s.b.a.w.s.WelcomePageHandlerMapping    : Adding welcome page template: index
2023-01-12 15:33:03.228  INFO 12452 --- [    Test worker] s.a.ScheduledAnnotationBeanPostProcessor : No TaskScheduler/ScheduledExecutorService bean found for scheduled processing
2023-01-12 15:33:03.238  INFO 12452 --- [    Test worker] c.w.b.s.d.posts.PostsRepositoryTest      : Started PostsRepositoryTest in 4.636 seconds (JVM running for 5.94)
Hibernate: insert into posts (create_date, modified_date, author, content, title) values (?, ?, ?, ?, ?)
Hibernate: select posts0_.id as id1_0_, posts0_.create_date as create_d2_0_, posts0_.modified_date as modified3_0_, posts0_.author as author4_0_, posts0_.content as content5_0_, posts0_.title as title6_0_ from posts posts0_
Hibernate: select posts0_.id as id1_0_, posts0_.create_date as create_d2_0_, posts0_.modified_date as modified3_0_, posts0_.author as author4_0_, posts0_.content as content5_0_, posts0_.title as title6_0_ from posts posts0_
Hibernate: delete from posts where id=?
Hibernate: insert into posts (create_date, modified_date, author, content, title) values (?, ?, ?, ?, ?)
Hibernate: select posts0_.id as id1_0_, posts0_.create_date as create_d2_0_, posts0_.modified_date as modified3_0_, posts0_.author as author4_0_, posts0_.content as content5_0_, posts0_.title as title6_0_ from posts posts0_
>>>>>>>>> createDate=2023-01-12T15:33:03.434549, modifiedDate=2023-01-12T15:33:03.434549
Hibernate: select posts0_.id as id1_0_, posts0_.create_date as create_d2_0_, posts0_.modified_date as modified3_0_, posts0_.author as author4_0_, posts0_.content as content5_0_, posts0_.title as title6_0_ from posts posts0_
Hibernate: delete from posts where id=?
]]></system-out>
  <system-err><![CDATA[]]></system-err>
</testsuite>
