<?xml version="1.0" encoding="UTF-8"?>
<testsuite name="com.woojoo.book.springboot.web.IndexControllerTest" tests="1" skipped="0" failures="0" errors="0" timestamp="2023-01-11T10:07:26" hostname="DESKTOP-7NM7AVO" time="0.126">
  <properties/>
  <testcase name="메인페이지_로딩" classname="com.woojoo.book.springboot.web.IndexControllerTest" time="0.126"/>
  <system-out><![CDATA[
  .   ____          _            __ _ _
 /\\ / ___'_ __ _ _(_)_ __  __ _ \ \ \ \
( ( )\___ | '_ | '_| | '_ \/ _` | \ \ \ \
 \\/  ___)| |_)| | | | | || (_| |  ) ) ) )
  '  |____| .__|_| |_|_| |_\__, | / / / /
 =========|_|==============|___/=/_/_/_/
 :: Spring Boot ::        (v2.1.7.RELEASE)

2023-01-11 19:07:25.017  INFO 31084 --- [    Test worker] c.w.b.s.web.IndexControllerTest          : Starting IndexControllerTest on DESKTOP-7NM7AVO with PID 31084 (started by woojuhwang in C:\bookproject\bookproject-springboot2-webservice)
2023-01-11 19:07:25.017  INFO 31084 --- [    Test worker] c.w.b.s.web.IndexControllerTest          : No active profile set, falling back to default profiles: default
2023-01-11 19:07:25.213  INFO 31084 --- [    Test worker] .s.d.r.c.RepositoryConfigurationDelegate : Bootstrapping Spring Data repositories in DEFAULT mode.
2023-01-11 19:07:25.235  INFO 31084 --- [    Test worker] .s.d.r.c.RepositoryConfigurationDelegate : Finished Spring Data repository scanning in 21ms. Found 2 repository interfaces.
2023-01-11 19:07:25.298  INFO 31084 --- [    Test worker] trationDelegate$BeanPostProcessorChecker : Bean 'org.springframework.transaction.annotation.ProxyTransactionManagementConfiguration' of type [org.springframework.transaction.annotation.ProxyTransactionManagementConfiguration$$EnhancerBySpringCGLIB$$b501b1de] is not eligible for getting processed by all BeanPostProcessors (for example: not eligible for auto-proxying)
2023-01-11 19:07:25.479  INFO 31084 --- [    Test worker] o.s.b.w.embedded.tomcat.TomcatWebServer  : Tomcat initialized with port(s): 0 (http)
2023-01-11 19:07:25.503  INFO 31084 --- [    Test worker] o.apache.catalina.core.StandardService   : Starting service [Tomcat]
2023-01-11 19:07:25.504  INFO 31084 --- [    Test worker] org.apache.catalina.core.StandardEngine  : Starting Servlet engine: [Apache Tomcat/9.0.22]
2023-01-11 19:07:25.680  INFO 31084 --- [    Test worker] o.a.c.c.C.[Tomcat].[localhost].[/]       : Initializing Spring embedded WebApplicationContext
2023-01-11 19:07:25.680  INFO 31084 --- [    Test worker] o.s.web.context.ContextLoader            : Root WebApplicationContext: initialization completed in 661 ms
2023-01-11 19:07:25.796  INFO 31084 --- [    Test worker] com.zaxxer.hikari.HikariDataSource       : HikariPool-2 - Starting...
2023-01-11 19:07:25.797  INFO 31084 --- [    Test worker] com.zaxxer.hikari.HikariDataSource       : HikariPool-2 - Start completed.
2023-01-11 19:07:25.824  INFO 31084 --- [    Test worker] o.hibernate.jpa.internal.util.LogHelper  : HHH000204: Processing PersistenceUnitInfo [
	name: default
	...]
2023-01-11 19:07:25.832  INFO 31084 --- [    Test worker] org.hibernate.dialect.Dialect            : HHH000400: Using dialect: org.hibernate.dialect.MySQL5InnoDBDialect
Hibernate: drop table if exists posts
Hibernate: drop table if exists user
Hibernate: create table posts (id bigint not null auto_increment, create_date datetime, modified_date datetime, author varchar(255), content TEXT not null, title varchar(500) not null, primary key (id)) engine=InnoDB
Hibernate: create table user (id bigint not null auto_increment, create_date datetime, modified_date datetime, email varchar(255) not null, name varchar(255) not null, picture varchar(255), role varchar(255) not null, primary key (id)) engine=InnoDB
2023-01-11 19:07:25.883  INFO 31084 --- [    Test worker] o.h.t.schema.internal.SchemaCreatorImpl  : HHH000476: Executing import script 'org.hibernate.tool.schema.internal.exec.ScriptSourceInputNonExistentImpl@30333941'
2023-01-11 19:07:25.884  INFO 31084 --- [    Test worker] j.LocalContainerEntityManagerFactoryBean : Initialized JPA EntityManagerFactory for persistence unit 'default'
2023-01-11 19:07:26.081  INFO 31084 --- [    Test worker] o.h.h.i.QueryTranslatorFactoryInitiator  : HHH000397: Using ASTQueryTranslatorFactory
2023-01-11 19:07:26.183  INFO 31084 --- [    Test worker] o.s.s.web.DefaultSecurityFilterChain     : Creating filter chain: any request, [org.springframework.security.web.context.request.async.WebAsyncManagerIntegrationFilter@1435b17, org.springframework.security.web.context.SecurityContextPersistenceFilter@71ea9a0d, org.springframework.security.web.header.HeaderWriterFilter@30c96ea9, org.springframework.security.web.authentication.logout.LogoutFilter@10ec54c3, org.springframework.security.oauth2.client.web.OAuth2AuthorizationRequestRedirectFilter@6298dafb, org.springframework.security.oauth2.client.web.OAuth2LoginAuthenticationFilter@30741e9b, org.springframework.security.web.authentication.ui.DefaultLoginPageGeneratingFilter@35738a92, org.springframework.security.web.authentication.ui.DefaultLogoutPageGeneratingFilter@2b3b25ad, org.springframework.security.web.savedrequest.RequestCacheAwareFilter@62ba4c62, org.springframework.security.web.servletapi.SecurityContextHolderAwareRequestFilter@19fdcaba, org.springframework.security.web.authentication.AnonymousAuthenticationFilter@f507d33, org.springframework.security.web.session.SessionManagementFilter@62a9d176, org.springframework.security.web.access.ExceptionTranslationFilter@795d43d9, org.springframework.security.web.access.intercept.FilterSecurityInterceptor@10374cae]
2023-01-11 19:07:26.279  INFO 31084 --- [    Test worker] o.s.s.concurrent.ThreadPoolTaskExecutor  : Initializing ExecutorService 'applicationTaskExecutor'
2023-01-11 19:07:26.284  WARN 31084 --- [    Test worker] aWebConfiguration$JpaWebMvcConfiguration : spring.jpa.open-in-view is enabled by default. Therefore, database queries may be performed during view rendering. Explicitly configure spring.jpa.open-in-view to disable this warning
2023-01-11 19:07:26.298  INFO 31084 --- [    Test worker] o.s.b.a.w.s.WelcomePageHandlerMapping    : Adding welcome page template: index
2023-01-11 19:07:26.436  INFO 31084 --- [    Test worker] s.a.ScheduledAnnotationBeanPostProcessor : No TaskScheduler/ScheduledExecutorService bean found for scheduled processing
2023-01-11 19:07:26.449  INFO 31084 --- [    Test worker] o.s.b.w.embedded.tomcat.TomcatWebServer  : Tomcat started on port(s): 52570 (http) with context path ''
2023-01-11 19:07:26.450  INFO 31084 --- [    Test worker] c.w.b.s.web.IndexControllerTest          : Started IndexControllerTest in 1.458 seconds (JVM running for 8.272)
2023-01-11 19:07:26.506  INFO 31084 --- [o-auto-1-exec-1] o.a.c.c.C.[Tomcat].[localhost].[/]       : Initializing Spring DispatcherServlet 'dispatcherServlet'
2023-01-11 19:07:26.506  INFO 31084 --- [o-auto-1-exec-1] o.s.web.servlet.DispatcherServlet        : Initializing Servlet 'dispatcherServlet'
2023-01-11 19:07:26.516  INFO 31084 --- [o-auto-1-exec-1] o.s.web.servlet.DispatcherServlet        : Completed initialization in 10 ms
Hibernate: select posts0_.id as id1_0_, posts0_.create_date as create_d2_0_, posts0_.modified_date as modified3_0_, posts0_.author as author4_0_, posts0_.content as content5_0_, posts0_.title as title6_0_ from posts posts0_ order by posts0_.id DESC
]]></system-out>
  <system-err><![CDATA[]]></system-err>
</testsuite>
