<?xml version="1.0" encoding="UTF-8"?>
<testsuite name="com.woojoo.book.springboot.web.HelloControllerTest" tests="2" skipped="0" failures="0" errors="0" timestamp="2023-01-11T10:07:24" hostname="DESKTOP-7NM7AVO" time="0.107">
  <properties/>
  <testcase name="hello가_리턴된다" classname="com.woojoo.book.springboot.web.HelloControllerTest" time="0.047"/>
  <testcase name="helloDto가_리턴된다" classname="com.woojoo.book.springboot.web.HelloControllerTest" time="0.059"/>
  <system-out><![CDATA[
  .   ____          _            __ _ _
 /\\ / ___'_ __ _ _(_)_ __  __ _ \ \ \ \
( ( )\___ | '_ | '_| | '_ \/ _` | \ \ \ \
 \\/  ___)| |_)| | | | | || (_| |  ) ) ) )
  '  |____| .__|_| |_|_| |_\__, | / / / /
 =========|_|==============|___/=/_/_/_/
 :: Spring Boot ::        (v2.1.7.RELEASE)

2023-01-11 19:07:24.261  INFO 31084 --- [    Test worker] c.w.b.s.web.HelloControllerTest          : Starting HelloControllerTest on DESKTOP-7NM7AVO with PID 31084 (started by woojuhwang in C:\bookproject\bookproject-springboot2-webservice)
2023-01-11 19:07:24.262  INFO 31084 --- [    Test worker] c.w.b.s.web.HelloControllerTest          : No active profile set, falling back to default profiles: default
2023-01-11 19:07:24.615  INFO 31084 --- [    Test worker] o.s.s.concurrent.ThreadPoolTaskExecutor  : Initializing ExecutorService 'applicationTaskExecutor'
2023-01-11 19:07:24.638  INFO 31084 --- [    Test worker] o.s.b.a.w.s.WelcomePageHandlerMapping    : Adding welcome page template: index
2023-01-11 19:07:24.766  INFO 31084 --- [    Test worker] .s.s.UserDetailsServiceAutoConfiguration : 

Using generated security password: 4dc2e4ae-fdf1-4b1c-a246-7c385a005973

2023-01-11 19:07:24.835  INFO 31084 --- [    Test worker] o.s.s.web.DefaultSecurityFilterChain     : Creating filter chain: any request, [org.springframework.security.web.context.request.async.WebAsyncManagerIntegrationFilter@6d21a69f, org.springframework.security.web.context.SecurityContextPersistenceFilter@7b1bb01c, org.springframework.security.web.header.HeaderWriterFilter@372c428, org.springframework.security.web.csrf.CsrfFilter@48e1e18a, org.springframework.security.web.authentication.logout.LogoutFilter@5a0b925a, org.springframework.security.web.authentication.UsernamePasswordAuthenticationFilter@3f54fabc, org.springframework.security.web.authentication.ui.DefaultLoginPageGeneratingFilter@59ebe484, org.springframework.security.web.authentication.ui.DefaultLogoutPageGeneratingFilter@10b063fd, org.springframework.security.web.authentication.www.BasicAuthenticationFilter@54418834, org.springframework.security.web.savedrequest.RequestCacheAwareFilter@4c364a9d, org.springframework.security.web.servletapi.SecurityContextHolderAwareRequestFilter@597084b7, org.springframework.security.web.authentication.AnonymousAuthenticationFilter@48e859f7, org.springframework.security.web.session.SessionManagementFilter@4458887d, org.springframework.security.web.access.ExceptionTranslationFilter@7a6078d, org.springframework.security.web.access.intercept.FilterSecurityInterceptor@c7008b4]
2023-01-11 19:07:24.856  INFO 31084 --- [    Test worker] o.s.b.t.m.w.SpringBootMockServletContext : Initializing Spring TestDispatcherServlet ''
2023-01-11 19:07:24.857  INFO 31084 --- [    Test worker] o.s.t.web.servlet.TestDispatcherServlet  : Initializing Servlet ''
2023-01-11 19:07:24.865  INFO 31084 --- [    Test worker] o.s.t.web.servlet.TestDispatcherServlet  : Completed initialization in 8 ms
2023-01-11 19:07:24.882  INFO 31084 --- [    Test worker] c.w.b.s.web.HelloControllerTest          : Started HelloControllerTest in 0.642 seconds (JVM running for 6.704)
]]></system-out>
  <system-err><![CDATA[]]></system-err>
</testsuite>
