<?xml version="1.0" encoding="UTF-8"?>
<testsuite name="com.woojoo.book.springboot.web.dto.HelloResponseDtoTest" tests="1" skipped="0" failures="0" errors="0" timestamp="2023-01-12T06:33:05" hostname="DESKTOP-7NM7AVO" time="0.0">
  <properties/>
  <testcase name="롬복_기능_테스트" classname="com.woojoo.book.springboot.web.dto.HelloResponseDtoTest" time="0.0"/>
  <system-out><![CDATA[]]></system-out>
  <system-err><![CDATA[]]></system-err>
</testsuite>
