<?xml version="1.0" encoding="UTF-8"?>
<testsuite name="com.woojoo.book.springboot.domain.posts.PostsRepositoryTest" tests="2" skipped="0" failures="0" errors="0" timestamp="2023-01-13T05:26:57" hostname="DESKTOP-7NM7AVO" time="0.263">
  <properties/>
  <testcase name="게시글저장_불러오기" classname="com.woojoo.book.springboot.domain.posts.PostsRepositoryTest" time="0.243"/>
  <testcase name="BaseTimeEntity_등록" classname="com.woojoo.book.springboot.domain.posts.PostsRepositoryTest" time="0.019"/>
  <system-out><![CDATA[14:26:52.960 [Test worker] DEBUG org.springframework.test.annotation.ProfileValueUtils - Retrieved @ProfileValueSourceConfiguration [null] for test class [com.woojoo.book.springboot.domain.posts.PostsRepositoryTest]
14:26:52.960 [Test worker] DEBUG org.springframework.test.annotation.ProfileValueUtils - Retrieved ProfileValueSource type [class org.springframework.test.annotation.SystemProfileValueSource] for class [com.woojoo.book.springboot.domain.posts.PostsRepositoryTest]
14:26:52.961 [Test worker] DEBUG org.springframework.test.annotation.ProfileValueUtils - Retrieved @ProfileValueSourceConfiguration [null] for test class [com.woojoo.book.springboot.domain.posts.PostsRepositoryTest]
14:26:52.961 [Test worker] DEBUG org.springframework.test.annotation.ProfileValueUtils - Retrieved ProfileValueSource type [class org.springframework.test.annotation.SystemProfileValueSource] for class [com.woojoo.book.springboot.domain.posts.PostsRepositoryTest]
14:26:52.964 [Test worker] DEBUG org.springframework.test.context.support.AbstractDirtiesContextTestExecutionListener - Before test class: context [DefaultTestContext@20312893 testClass = PostsRepositoryTest, testInstance = [null], testMethod = [null], testException = [null], mergedContextConfiguration = [WebMergedContextConfiguration@70eecdc2 testClass = PostsRepositoryTest, locations = '{}', classes = '{class com.woojoo.book.springboot.domain.posts.PostsRepositoryTest$TestConfig}', contextInitializerClasses = '[]', activeProfiles = '{}', propertySourceLocations = '{}', propertySourceProperties = '{org.springframework.boot.test.context.SpringBootTestContextBootstrapper=true}', contextCustomizers = set[org.springframework.boot.test.autoconfigure.properties.PropertyMappingContextCustomizer@0, org.springframework.boot.test.autoconfigure.web.servlet.WebDriverContextCustomizerFactory$Customizer@663411de, org.springframework.boot.test.context.filter.ExcludeFilterContextCustomizer@10b9db7b, org.springframework.boot.test.json.DuplicateJsonObjectContextCustomizerFactory$DuplicateJsonObjectContextCustomizer@6ee660fb, org.springframework.boot.test.mock.mockito.MockitoContextCustomizer@0, org.springframework.boot.test.web.client.TestRestTemplateContextCustomizer@5669c5fb], resourceBasePath = 'src/main/webapp', contextLoader = 'org.springframework.boot.test.context.SpringBootContextLoader', parent = [null]], attributes = map['org.springframework.test.context.web.ServletTestExecutionListener.activateListener' -> true]], class annotated with @DirtiesContext [false] with mode [null].
14:26:52.965 [Test worker] DEBUG org.springframework.test.annotation.ProfileValueUtils - Retrieved @ProfileValueSourceConfiguration [null] for test class [com.woojoo.book.springboot.domain.posts.PostsRepositoryTest]
14:26:52.965 [Test worker] DEBUG org.springframework.test.annotation.ProfileValueUtils - Retrieved ProfileValueSource type [class org.springframework.test.annotation.SystemProfileValueSource] for class [com.woojoo.book.springboot.domain.posts.PostsRepositoryTest]
14:26:52.985 [Test worker] DEBUG org.springframework.test.context.support.TestPropertySourceUtils - Adding inlined properties to environment: {spring.jmx.enabled=false, org.springframework.boot.test.context.SpringBootTestContextBootstrapper=true, server.port=-1}

  .   ____          _            __ _ _
 /\\ / ___'_ __ _ _(_)_ __  __ _ \ \ \ \
( ( )\___ | '_ | '_| | '_ \/ _` | \ \ \ \
 \\/  ___)| |_)| | | | | || (_| |  ) ) ) )
  '  |____| .__|_| |_|_| |_\__, | / / / /
 =========|_|==============|___/=/_/_/_/
 :: Spring Boot ::        (v2.1.7.RELEASE)

2023-01-13 14:26:53.222  INFO 19272 --- [    Test worker] c.w.b.s.d.posts.PostsRepositoryTest      : Starting PostsRepositoryTest on DESKTOP-7NM7AVO with PID 19272 (started by woojuhwang in C:\bookproject\bookproject-springboot2-webservice)
2023-01-13 14:26:53.223  INFO 19272 --- [    Test worker] c.w.b.s.d.posts.PostsRepositoryTest      : No active profile set, falling back to default profiles: default
2023-01-13 14:26:54.017  INFO 19272 --- [    Test worker] .s.d.r.c.RepositoryConfigurationDelegate : Bootstrapping Spring Data repositories in DEFAULT mode.
2023-01-13 14:26:54.082  INFO 19272 --- [    Test worker] .s.d.r.c.RepositoryConfigurationDelegate : Finished Spring Data repository scanning in 57ms. Found 2 repository interfaces.
2023-01-13 14:26:54.485  INFO 19272 --- [    Test worker] trationDelegate$BeanPostProcessorChecker : Bean 'org.springframework.transaction.annotation.ProxyTransactionManagementConfiguration' of type [org.springframework.transaction.annotation.ProxyTransactionManagementConfiguration$$EnhancerBySpringCGLIB$$3b92aa4e] is not eligible for getting processed by all BeanPostProcessors (for example: not eligible for auto-proxying)
2023-01-13 14:26:54.664  INFO 19272 --- [    Test worker] com.zaxxer.hikari.HikariDataSource       : HikariPool-1 - Starting...
2023-01-13 14:26:54.805  INFO 19272 --- [    Test worker] com.zaxxer.hikari.HikariDataSource       : HikariPool-1 - Start completed.
2023-01-13 14:26:54.919  INFO 19272 --- [    Test worker] o.hibernate.jpa.internal.util.LogHelper  : HHH000204: Processing PersistenceUnitInfo [
	name: default
	...]
2023-01-13 14:26:55.015  INFO 19272 --- [    Test worker] org.hibernate.Version                    : HHH000412: Hibernate Core {5.3.10.Final}
2023-01-13 14:26:55.017  INFO 19272 --- [    Test worker] org.hibernate.cfg.Environment            : HHH000206: hibernate.properties not found
2023-01-13 14:26:55.189  INFO 19272 --- [    Test worker] o.hibernate.annotations.common.Version   : HCANN000001: Hibernate Commons Annotations {5.0.4.Final}
2023-01-13 14:26:55.313  INFO 19272 --- [    Test worker] org.hibernate.dialect.Dialect            : HHH000400: Using dialect: org.hibernate.dialect.MySQL57Dialect
Hibernate: drop table if exists posts
Hibernate: drop table if exists user
Hibernate: create table posts (id bigint not null auto_increment, create_date datetime(6), modified_date datetime(6), author varchar(255), content TEXT not null, title varchar(500) not null, primary key (id)) engine=InnoDB
Hibernate: create table user (id bigint not null auto_increment, create_date datetime(6), modified_date datetime(6), email varchar(255) not null, name varchar(255) not null, picture varchar(255), role varchar(255) not null, primary key (id)) engine=InnoDB
2023-01-13 14:26:55.848  INFO 19272 --- [    Test worker] o.h.t.schema.internal.SchemaCreatorImpl  : HHH000476: Executing import script 'org.hibernate.tool.schema.internal.exec.ScriptSourceInputNonExistentImpl@654db80b'
2023-01-13 14:26:55.850  INFO 19272 --- [    Test worker] j.LocalContainerEntityManagerFactoryBean : Initialized JPA EntityManagerFactory for persistence unit 'default'
2023-01-13 14:26:56.315  INFO 19272 --- [    Test worker] o.h.h.i.QueryTranslatorFactoryInitiator  : HHH000397: Using ASTQueryTranslatorFactory
2023-01-13 14:26:56.717  INFO 19272 --- [    Test worker] o.s.s.web.DefaultSecurityFilterChain     : Creating filter chain: any request, [org.springframework.security.web.context.request.async.WebAsyncManagerIntegrationFilter@330d16af, org.springframework.security.web.context.SecurityContextPersistenceFilter@628aea61, org.springframework.security.web.header.HeaderWriterFilter@7890fbf9, org.springframework.security.web.authentication.logout.LogoutFilter@11771fd6, org.springframework.security.oauth2.client.web.OAuth2AuthorizationRequestRedirectFilter@2b9615cb, org.springframework.security.oauth2.client.web.OAuth2LoginAuthenticationFilter@7891742e, org.springframework.security.web.authentication.ui.DefaultLoginPageGeneratingFilter@54ddd7e4, org.springframework.security.web.authentication.ui.DefaultLogoutPageGeneratingFilter@16f15a4, org.springframework.security.web.savedrequest.RequestCacheAwareFilter@6792f2c6, org.springframework.security.web.servletapi.SecurityContextHolderAwareRequestFilter@48301bfe, org.springframework.security.web.authentication.AnonymousAuthenticationFilter@548c5127, org.springframework.security.web.session.SessionManagementFilter@167bae0b, org.springframework.security.web.access.ExceptionTranslationFilter@36e358de, org.springframework.security.web.access.intercept.FilterSecurityInterceptor@7091a016]
2023-01-13 14:26:57.192  INFO 19272 --- [    Test worker] o.s.s.concurrent.ThreadPoolTaskExecutor  : Initializing ExecutorService 'applicationTaskExecutor'
2023-01-13 14:26:57.246  WARN 19272 --- [    Test worker] aWebConfiguration$JpaWebMvcConfiguration : spring.jpa.open-in-view is enabled by default. Therefore, database queries may be performed during view rendering. Explicitly configure spring.jpa.open-in-view to disable this warning
2023-01-13 14:26:57.294  INFO 19272 --- [    Test worker] o.s.b.a.w.s.WelcomePageHandlerMapping    : Adding welcome page template: index
2023-01-13 14:26:57.725  INFO 19272 --- [    Test worker] s.a.ScheduledAnnotationBeanPostProcessor : No TaskScheduler/ScheduledExecutorService bean found for scheduled processing
2023-01-13 14:26:57.739  INFO 19272 --- [    Test worker] c.w.b.s.d.posts.PostsRepositoryTest      : Started PostsRepositoryTest in 4.745 seconds (JVM running for 6.171)
Hibernate: insert into posts (create_date, modified_date, author, content, title) values (?, ?, ?, ?, ?)
Hibernate: select posts0_.id as id1_0_, posts0_.create_date as create_d2_0_, posts0_.modified_date as modified3_0_, posts0_.author as author4_0_, posts0_.content as content5_0_, posts0_.title as title6_0_ from posts posts0_
Hibernate: select posts0_.id as id1_0_, posts0_.create_date as create_d2_0_, posts0_.modified_date as modified3_0_, posts0_.author as author4_0_, posts0_.content as content5_0_, posts0_.title as title6_0_ from posts posts0_
Hibernate: delete from posts where id=?
Hibernate: insert into posts (create_date, modified_date, author, content, title) values (?, ?, ?, ?, ?)
Hibernate: select posts0_.id as id1_0_, posts0_.create_date as create_d2_0_, posts0_.modified_date as modified3_0_, posts0_.author as author4_0_, posts0_.content as content5_0_, posts0_.title as title6_0_ from posts posts0_
>>>>>>>>> createDate=2023-01-13T14:26:58.005769, modifiedDate=2023-01-13T14:26:58.005769
Hibernate: select posts0_.id as id1_0_, posts0_.create_date as create_d2_0_, posts0_.modified_date as modified3_0_, posts0_.author as author4_0_, posts0_.content as content5_0_, posts0_.title as title6_0_ from posts posts0_
Hibernate: delete from posts where id=?
]]></system-out>
  <system-err><![CDATA[]]></system-err>
</testsuite>
