<?xml version="1.0" encoding="UTF-8"?>
<testsuite name="com.woojoo.book.springboot.web.IndexControllerTest" tests="1" skipped="0" failures="0" errors="0" timestamp="2023-01-13T05:27:00" hostname="DESKTOP-7NM7AVO" time="0.139">
  <properties/>
  <testcase name="메인페이지_로딩" classname="com.woojoo.book.springboot.web.IndexControllerTest" time="0.139"/>
  <system-out><![CDATA[
  .   ____          _            __ _ _
 /\\ / ___'_ __ _ _(_)_ __  __ _ \ \ \ \
( ( )\___ | '_ | '_| | '_ \/ _` | \ \ \ \
 \\/  ___)| |_)| | | | | || (_| |  ) ) ) )
  '  |____| .__|_| |_|_| |_\__, | / / / /
 =========|_|==============|___/=/_/_/_/
 :: Spring Boot ::        (v2.1.7.RELEASE)

2023-01-13 14:26:58.941  INFO 19272 --- [    Test worker] c.w.b.s.web.IndexControllerTest          : Starting IndexControllerTest on DESKTOP-7NM7AVO with PID 19272 (started by woojuhwang in C:\bookproject\bookproject-springboot2-webservice)
2023-01-13 14:26:58.941  INFO 19272 --- [    Test worker] c.w.b.s.web.IndexControllerTest          : No active profile set, falling back to default profiles: default
2023-01-13 14:26:59.130  INFO 19272 --- [    Test worker] .s.d.r.c.RepositoryConfigurationDelegate : Bootstrapping Spring Data repositories in DEFAULT mode.
2023-01-13 14:26:59.152  INFO 19272 --- [    Test worker] .s.d.r.c.RepositoryConfigurationDelegate : Finished Spring Data repository scanning in 22ms. Found 2 repository interfaces.
2023-01-13 14:26:59.249  INFO 19272 --- [    Test worker] trationDelegate$BeanPostProcessorChecker : Bean 'org.springframework.transaction.annotation.ProxyTransactionManagementConfiguration' of type [org.springframework.transaction.annotation.ProxyTransactionManagementConfiguration$$EnhancerBySpringCGLIB$$3b92aa4e] is not eligible for getting processed by all BeanPostProcessors (for example: not eligible for auto-proxying)
2023-01-13 14:26:59.459  INFO 19272 --- [    Test worker] o.s.b.w.embedded.tomcat.TomcatWebServer  : Tomcat initialized with port(s): 0 (http)
2023-01-13 14:26:59.486  INFO 19272 --- [    Test worker] o.apache.catalina.core.StandardService   : Starting service [Tomcat]
2023-01-13 14:26:59.487  INFO 19272 --- [    Test worker] org.apache.catalina.core.StandardEngine  : Starting Servlet engine: [Apache Tomcat/9.0.22]
2023-01-13 14:26:59.646  INFO 19272 --- [    Test worker] o.a.c.c.C.[Tomcat].[localhost].[/]       : Initializing Spring embedded WebApplicationContext
2023-01-13 14:26:59.646  INFO 19272 --- [    Test worker] o.s.web.context.ContextLoader            : Root WebApplicationContext: initialization completed in 702 ms
2023-01-13 14:26:59.764  INFO 19272 --- [    Test worker] com.zaxxer.hikari.HikariDataSource       : HikariPool-2 - Starting...
2023-01-13 14:26:59.765  INFO 19272 --- [    Test worker] com.zaxxer.hikari.HikariDataSource       : HikariPool-2 - Start completed.
2023-01-13 14:26:59.788  INFO 19272 --- [    Test worker] o.hibernate.jpa.internal.util.LogHelper  : HHH000204: Processing PersistenceUnitInfo [
	name: default
	...]
2023-01-13 14:26:59.800  INFO 19272 --- [    Test worker] org.hibernate.dialect.Dialect            : HHH000400: Using dialect: org.hibernate.dialect.MySQL57Dialect
Hibernate: drop table if exists posts
Hibernate: drop table if exists user
Hibernate: create table posts (id bigint not null auto_increment, create_date datetime(6), modified_date datetime(6), author varchar(255), content TEXT not null, title varchar(500) not null, primary key (id)) engine=InnoDB
Hibernate: create table user (id bigint not null auto_increment, create_date datetime(6), modified_date datetime(6), email varchar(255) not null, name varchar(255) not null, picture varchar(255), role varchar(255) not null, primary key (id)) engine=InnoDB
2023-01-13 14:26:59.841  INFO 19272 --- [    Test worker] o.h.t.schema.internal.SchemaCreatorImpl  : HHH000476: Executing import script 'org.hibernate.tool.schema.internal.exec.ScriptSourceInputNonExistentImpl@654db80b'
2023-01-13 14:26:59.842  INFO 19272 --- [    Test worker] j.LocalContainerEntityManagerFactoryBean : Initialized JPA EntityManagerFactory for persistence unit 'default'
2023-01-13 14:27:00.049  INFO 19272 --- [    Test worker] o.h.h.i.QueryTranslatorFactoryInitiator  : HHH000397: Using ASTQueryTranslatorFactory
2023-01-13 14:27:00.129  INFO 19272 --- [    Test worker] o.s.s.web.DefaultSecurityFilterChain     : Creating filter chain: any request, [org.springframework.security.web.context.request.async.WebAsyncManagerIntegrationFilter@5a429813, org.springframework.security.web.context.SecurityContextPersistenceFilter@4c04188, org.springframework.security.web.header.HeaderWriterFilter@f507d33, org.springframework.security.web.authentication.logout.LogoutFilter@62d10834, org.springframework.security.oauth2.client.web.OAuth2AuthorizationRequestRedirectFilter@32441ed4, org.springframework.security.oauth2.client.web.OAuth2LoginAuthenticationFilter@3fc2197d, org.springframework.security.web.authentication.ui.DefaultLoginPageGeneratingFilter@641bd93e, org.springframework.security.web.authentication.ui.DefaultLogoutPageGeneratingFilter@348b26e0, org.springframework.security.web.savedrequest.RequestCacheAwareFilter@76a41af0, org.springframework.security.web.servletapi.SecurityContextHolderAwareRequestFilter@7a1148f2, org.springframework.security.web.authentication.AnonymousAuthenticationFilter@26ab3c1b, org.springframework.security.web.session.SessionManagementFilter@1fc02a84, org.springframework.security.web.access.ExceptionTranslationFilter@2b3b25ad, org.springframework.security.web.access.intercept.FilterSecurityInterceptor@78f2cab9]
2023-01-13 14:27:00.215  INFO 19272 --- [    Test worker] o.s.s.concurrent.ThreadPoolTaskExecutor  : Initializing ExecutorService 'applicationTaskExecutor'
2023-01-13 14:27:00.221  WARN 19272 --- [    Test worker] aWebConfiguration$JpaWebMvcConfiguration : spring.jpa.open-in-view is enabled by default. Therefore, database queries may be performed during view rendering. Explicitly configure spring.jpa.open-in-view to disable this warning
2023-01-13 14:27:00.232  INFO 19272 --- [    Test worker] o.s.b.a.w.s.WelcomePageHandlerMapping    : Adding welcome page template: index
2023-01-13 14:27:00.389  INFO 19272 --- [    Test worker] s.a.ScheduledAnnotationBeanPostProcessor : No TaskScheduler/ScheduledExecutorService bean found for scheduled processing
2023-01-13 14:27:00.402  INFO 19272 --- [    Test worker] o.s.b.w.embedded.tomcat.TomcatWebServer  : Tomcat started on port(s): 57723 (http) with context path ''
2023-01-13 14:27:00.403  INFO 19272 --- [    Test worker] c.w.b.s.web.IndexControllerTest          : Started IndexControllerTest in 1.489 seconds (JVM running for 8.834)
2023-01-13 14:27:00.470  INFO 19272 --- [o-auto-1-exec-1] o.a.c.c.C.[Tomcat].[localhost].[/]       : Initializing Spring DispatcherServlet 'dispatcherServlet'
2023-01-13 14:27:00.471  INFO 19272 --- [o-auto-1-exec-1] o.s.web.servlet.DispatcherServlet        : Initializing Servlet 'dispatcherServlet'
2023-01-13 14:27:00.489  INFO 19272 --- [o-auto-1-exec-1] o.s.web.servlet.DispatcherServlet        : Completed initialization in 18 ms
Hibernate: select posts0_.id as id1_0_, posts0_.create_date as create_d2_0_, posts0_.modified_date as modified3_0_, posts0_.author as author4_0_, posts0_.content as content5_0_, posts0_.title as title6_0_ from posts posts0_ order by posts0_.id DESC
]]></system-out>
  <system-err><![CDATA[]]></system-err>
</testsuite>
